2022-10-01 02:07:05 INFO  Utility:65 - ******Chrome Driver initialized******
2022-10-01 02:07:05 INFO  Utility:24 - ******Chrome Driver initialized******
2022-10-01 02:07:22 INFO  Utility:65 - ******Chrome Driver initialized******
2022-10-01 02:07:22 INFO  Utility:24 - ******Chrome Driver initialized******
2022-10-01 02:10:14 INFO  Utility:65 - ******Chrome Driver initialized******
2022-10-01 02:10:16 INFO  Utility:74 - ******Enter url******
2022-10-01 02:10:18 INFO  Utility:91 - ******enter id******
2022-10-01 02:10:27 INFO  Utility:65 - ******Chrome Driver initialized******
2022-10-01 02:10:28 INFO  Utility:74 - ******Enter url******
2022-10-01 02:10:42 INFO  Utility:91 - ******enter id******
2022-10-01 02:10:43 INFO  Utility:91 - ******enter id******
2022-10-01 02:10:43 INFO  Utility:91 - ******enter id******
2022-10-01 02:40:55 INFO  Utility:65 - ******Chrome Driver initialized******
2022-10-01 02:40:57 INFO  Utility:74 - ******Enter url******
2022-10-01 02:40:59 INFO  Utility:91 - ******enter id******
2022-10-01 02:41:00 INFO  Utility:139 - ******use xpath******
2022-10-01 02:41:09 INFO  Utility:65 - ******Chrome Driver initialized******
2022-10-01 02:41:10 INFO  Utility:74 - ******Enter url******
2022-10-01 02:41:11 INFO  Utility:171 - ****** use linktext xpath******
2022-10-01 02:41:12 INFO  Utility:91 - ******enter id******
2022-10-01 02:41:12 INFO  Utility:91 - ******enter id******
2022-10-01 02:41:13 INFO  Utility:91 - ******enter id******
2022-10-01 02:41:13 INFO  Utility:139 - ******use xpath******
2022-10-01 02:41:13 INFO  Utility:139 - ******use xpath******
